<?xml version="1.0" encoding="UTF-8"?>
<testsuites name="Mocha Tests" time="2.481" tests="1" failures="0">
  <testsuite name="Root Suite" timestamp="2026-02-18T21:37:02" tests="0" file="cypress\e2e\negative_login.cy.js" time="0.000" failures="0">
  </testsuite>
  <testsuite name="Negative Login Test" timestamp="2026-02-18T21:37:02" tests="1" time="2.479" failures="0">
    <testcase name="Negative Login Test Login with invalid credentials" time="2.446" classname="Login with invalid credentials">
    </testcase>
  </testsuite>
</testsuites>