<?xml version="1.0" encoding="UTF-8"?>
<testsuites name="Mocha Tests" time="12.306" tests="2" failures="0">
  <testsuite name="Root Suite" timestamp="2026-02-18T21:36:48" tests="0" file="cypress\e2e\login.cy.js" time="0.000" failures="0">
  </testsuite>
  <testsuite name="User Login Flow" timestamp="2026-02-18T21:36:48" tests="2" time="12.305" failures="0">
    <testcase name="User Login Flow Login with valid credentials" time="7.346" classname="Login with valid credentials">
    </testcase>
    <testcase name="User Login Flow Logout after login" time="4.877" classname="Logout after login">
    </testcase>
  </testsuite>
</testsuites>